18:31:48 **** Rebuild of configuration Debug for project c_prog_basics ****
Info: Internal Builder is used for build
gcc -O0 -g3 -Wall -c -fmessage-length=0 -o HW1_7.o "..\\HW1_7.c" 
..\HW1_7.c:9:6: warning: return type of 'main' is not 'int' [-Wmain]
 void main ()
      ^~~~
gcc -o c_prog_basics.exe HW1_7.o 
Info: Nothing to build for c_prog_basics
22:11:17 **** Incremental Build of configuration Debug for project c_prog_basics ****
Info: Internal Builder is used for build
gcc -O0 -g3 -Wall -c -fmessage-length=0 -o HW1_7.o "..\\HW1_7.c" 
gcc -O0 -g3 -Wall -c -fmessage-length=0 -o HW2_8.o "..\\HW2_8.c" 
..\HW2_8.c:8:6: warning: return type of 'main' is not 'int' [-Wmain]
 void main()
      ^~~~
..\HW2_8.c: In function 'main':
..\HW2_8.c:30:9: warning: implicit declaration of function 'printf' [-Wimplicit-function-declaration]
         printf("Error! operator is not correct");
         ^~~~~~
..\HW2_8.c:30:9: warning: incompatible implicit declaration of built-in function 'printf'
..\HW2_8.c:30:9: note: include '<stdio.h>' or provide a declaration of 'printf'
..\HW2_8.c:33:1: warning: incompatible implicit declaration of built-in function 'printf'
 printf(" result is %d", result );
 ^~~~~~
..\HW2_8.c:33:1: note: include '<stdio.h>' or provide a declaration of 'printf'
..\HW2_8.c:15:5: warning: 'operator' is used uninitialized in this function [-Wuninitialized]
     switch (operator) {
     ^~~~~~
..\HW2_8.c:17:15: warning: 'num1' may be used uninitialized in this function [-Wmaybe-uninitialized]
         result= num1+num2;
         ~~~~~~^~~~~~~~~~~
..\HW2_8.c:17:15: warning: 'num2' may be used uninitialized in this function [-Wmaybe-uninitialized]
gcc -o c_prog_basics.exe HW1_7.o HW2_8.o 
22:14:06 **** Incremental Build of configuration Debug for project c_prog_basics ****
Info: Internal Builder is used for build
gcc -O0 -g3 -Wall -c -fmessage-length=0 -o HW2_8.o "..\\HW2_8.c" 
..\HW2_8.c:8:6: warning: return type of 'main' is not 'int' [-Wmain]
 void main()
      ^~~~
..\HW2_8.c: In function 'main':
..\HW2_8.c:17:9: warning: format '%f' expects argument of type 'float *', but argument 2 has type 'int *' [-Wformat=]
 scanf("%f ,%f",&num1,&num2);
         ^
..\HW2_8.c:17:13: warning: format '%f' expects argument of type 'float *', but argument 3 has type 'int *' [-Wformat=]
 scanf("%f ,%f",&num1,&num2);
             ^
gcc -o c_prog_basics.exe HW1_7.o HW2_8.o 
Info: Nothing to build for c_prog_basics
22:14:33 **** Incremental Build of configuration Debug for project c_prog_basics ****
Info: Internal Builder is used for build
gcc -O0 -g3 -Wall -c -fmessage-length=0 -o HW2_8.o "..\\HW2_8.c" 
..\HW2_8.c:8:6: warning: return type of 'main' is not 'int' [-Wmain]
 void main()
      ^~~~
..\HW2_8.c: In function 'main':
..\HW2_8.c:44:21: warning: format '%d' expects argument of type 'int', but argument 2 has type 'double' [-Wformat=]
 printf(" result is %d", result );
                     ^
gcc -o c_prog_basics.exe HW1_7.o HW2_8.o 
Info: Nothing to build for c_prog_basics
22:14:56 **** Incremental Build of configuration Debug for project c_prog_basics ****
Info: Internal Builder is used for build
gcc -O0 -g3 -Wall -c -fmessage-length=0 -o HW2_8.o "..\\HW2_8.c" 
..\HW2_8.c:8:6: warning: return type of 'main' is not 'int' [-Wmain]
 void main()
      ^~~~
gcc -o c_prog_basics.exe HW1_7.o HW2_8.o 
Info: Nothing to build for c_prog_basics
22:16:46 **** Incremental Build of configuration Debug for project c_prog_basics ****
Info: Internal Builder is used for build
gcc -O0 -g3 -Wall -c -fmessage-length=0 -o HW2_8.o "..\\HW2_8.c" 
..\HW2_8.c:8:6: warning: return type of 'main' is not 'int' [-Wmain]
 void main()
      ^~~~
gcc -o c_prog_basics.exe HW1_7.o HW2_8.o 
Info: Nothing to build for c_prog_basics
22:17:39 **** Incremental Build of configuration Debug for project c_prog_basics ****
Info: Internal Builder is used for build
gcc -O0 -g3 -Wall -c -fmessage-length=0 -o HW2_8.o "..\\HW2_8.c" 
..\HW2_8.c:8:6: warning: return type of 'main' is not 'int' [-Wmain]
 void main()
      ^~~~
gcc -o c_prog_basics.exe HW1_7.o HW2_8.o 
Info: Nothing to build for c_prog_basics
Info: Nothing to build for c_prog_basics
Info: Nothing to build for c_prog_basics
